0 info it worked if it ends with ok
1 verbose cli [ 'c:\\Program Files\\nodejs\\node.exe',
1 verbose cli   'c:\\Program Files\\nodejs\\node_modules\\npm\\bin\\npm-cli.js',
1 verbose cli   'install',
1 verbose cli   'chart-js',
1 verbose cli   '--save' ]
2 info using npm@2.14.4
3 info using node@v4.1.1
4 verbose install initial load of c:\Users\admin\OneDrive\Documents\HEIG-VD\3eme\TWEB\Exercices\package.json
5 verbose installManyTop reading scoped package data from c:\Users\admin\OneDrive\Documents\HEIG-VD\3eme\TWEB\Exercices\node_modules\autoprefixer\package.json
6 verbose installManyTop reading scoped package data from c:\Users\admin\OneDrive\Documents\HEIG-VD\3eme\TWEB\Exercices\node_modules\body-parser\package.json
7 verbose installManyTop reading scoped package data from c:\Users\admin\OneDrive\Documents\HEIG-VD\3eme\TWEB\Exercices\node_modules\compression\package.json
8 verbose installManyTop reading scoped package data from c:\Users\admin\OneDrive\Documents\HEIG-VD\3eme\TWEB\Exercices\node_modules\cookie-parser\package.json
9 verbose installManyTop reading scoped package data from c:\Users\admin\OneDrive\Documents\HEIG-VD\3eme\TWEB\Exercices\node_modules\express\package.json
10 verbose installManyTop reading scoped package data from c:\Users\admin\OneDrive\Documents\HEIG-VD\3eme\TWEB\Exercices\node_modules\glob\package.json
11 verbose installManyTop reading scoped package data from c:\Users\admin\OneDrive\Documents\HEIG-VD\3eme\TWEB\Exercices\node_modules\grunt\package.json
12 verbose installManyTop reading scoped package data from c:\Users\admin\OneDrive\Documents\HEIG-VD\3eme\TWEB\Exercices\node_modules\grunt-babel\package.json
13 verbose installManyTop reading scoped package data from c:\Users\admin\OneDrive\Documents\HEIG-VD\3eme\TWEB\Exercices\node_modules\grunt-browser-sync\package.json
14 verbose installManyTop reading scoped package data from c:\Users\admin\OneDrive\Documents\HEIG-VD\3eme\TWEB\Exercices\node_modules\grunt-concurrent\package.json
15 verbose installManyTop reading scoped package data from c:\Users\admin\OneDrive\Documents\HEIG-VD\3eme\TWEB\Exercices\node_modules\grunt-contrib-clean\package.json
16 verbose installManyTop reading scoped package data from c:\Users\admin\OneDrive\Documents\HEIG-VD\3eme\TWEB\Exercices\node_modules\grunt-contrib-concat\package.json
17 verbose installManyTop reading scoped package data from c:\Users\admin\OneDrive\Documents\HEIG-VD\3eme\TWEB\Exercices\node_modules\grunt-contrib-copy\package.json
18 verbose installManyTop reading scoped package data from c:\Users\admin\OneDrive\Documents\HEIG-VD\3eme\TWEB\Exercices\node_modules\grunt-contrib-cssmin\package.json
19 verbose installManyTop reading scoped package data from c:\Users\admin\OneDrive\Documents\HEIG-VD\3eme\TWEB\Exercices\node_modules\grunt-contrib-htmlmin\package.json
20 verbose installManyTop reading scoped package data from c:\Users\admin\OneDrive\Documents\HEIG-VD\3eme\TWEB\Exercices\node_modules\grunt-contrib-uglify\package.json
21 verbose installManyTop reading scoped package data from c:\Users\admin\OneDrive\Documents\HEIG-VD\3eme\TWEB\Exercices\node_modules\grunt-contrib-watch\package.json
22 verbose installManyTop reading scoped package data from c:\Users\admin\OneDrive\Documents\HEIG-VD\3eme\TWEB\Exercices\node_modules\grunt-develop\package.json
23 verbose installManyTop reading scoped package data from c:\Users\admin\OneDrive\Documents\HEIG-VD\3eme\TWEB\Exercices\node_modules\grunt-eslint\package.json
24 verbose installManyTop reading scoped package data from c:\Users\admin\OneDrive\Documents\HEIG-VD\3eme\TWEB\Exercices\node_modules\grunt-filerev\package.json
25 verbose installManyTop reading scoped package data from c:\Users\admin\OneDrive\Documents\HEIG-VD\3eme\TWEB\Exercices\node_modules\grunt-mocha\package.json
26 verbose installManyTop reading scoped package data from c:\Users\admin\OneDrive\Documents\HEIG-VD\3eme\TWEB\Exercices\node_modules\grunt-modernizr\package.json
27 verbose installManyTop reading scoped package data from c:\Users\admin\OneDrive\Documents\HEIG-VD\3eme\TWEB\Exercices\node_modules\grunt-newer\package.json
28 verbose installManyTop reading scoped package data from c:\Users\admin\OneDrive\Documents\HEIG-VD\3eme\TWEB\Exercices\node_modules\grunt-postcss\package.json
29 verbose installManyTop reading scoped package data from c:\Users\admin\OneDrive\Documents\HEIG-VD\3eme\TWEB\Exercices\node_modules\grunt-sass\package.json
30 verbose installManyTop reading scoped package data from c:\Users\admin\OneDrive\Documents\HEIG-VD\3eme\TWEB\Exercices\node_modules\grunt-svgmin\package.json
31 verbose installManyTop reading scoped package data from c:\Users\admin\OneDrive\Documents\HEIG-VD\3eme\TWEB\Exercices\node_modules\grunt-usemin\package.json
32 verbose installManyTop reading scoped package data from c:\Users\admin\OneDrive\Documents\HEIG-VD\3eme\TWEB\Exercices\node_modules\grunt-wiredep\package.json
33 verbose installManyTop reading scoped package data from c:\Users\admin\OneDrive\Documents\HEIG-VD\3eme\TWEB\Exercices\node_modules\jade\package.json
34 verbose installManyTop reading scoped package data from c:\Users\admin\OneDrive\Documents\HEIG-VD\3eme\TWEB\Exercices\node_modules\jit-grunt\package.json
35 verbose installManyTop reading scoped package data from c:\Users\admin\OneDrive\Documents\HEIG-VD\3eme\TWEB\Exercices\node_modules\load-grunt-tasks\package.json
36 verbose installManyTop reading scoped package data from c:\Users\admin\OneDrive\Documents\HEIG-VD\3eme\TWEB\Exercices\node_modules\method-override\package.json
37 verbose installManyTop reading scoped package data from c:\Users\admin\OneDrive\Documents\HEIG-VD\3eme\TWEB\Exercices\node_modules\morgan\package.json
38 verbose installManyTop reading scoped package data from c:\Users\admin\OneDrive\Documents\HEIG-VD\3eme\TWEB\Exercices\node_modules\request\package.json
39 verbose installManyTop reading scoped package data from c:\Users\admin\OneDrive\Documents\HEIG-VD\3eme\TWEB\Exercices\node_modules\serve-favicon\package.json
40 verbose installManyTop reading scoped package data from c:\Users\admin\OneDrive\Documents\HEIG-VD\3eme\TWEB\Exercices\node_modules\time-grunt\package.json
41 info package.json grunt@0.4.5 No license field.
42 info package.json grunt-contrib-watch@0.6.1 No license field.
43 info package.json grunt-develop@0.4.0 No license field.
44 info package.json grunt-browser-sync@2.2.0 No license field.
45 info package.json grunt-contrib-clean@0.6.0 No license field.
46 info package.json grunt-contrib-concat@0.5.1 No license field.
47 info package.json grunt-contrib-cssmin@0.12.3 No license field.
48 info package.json grunt-contrib-uglify@0.8.1 No license field.
49 info package.json grunt-contrib-htmlmin@0.4.0 No license field.
50 info package.json grunt-filerev@2.3.1 license should be a valid SPDX license expression
51 info package.json grunt-mocha@0.4.13 No license field.
52 info package.json grunt-svgmin@2.0.1 No license field.
53 info package.json grunt-wiredep@2.0.0 No license field.
54 verbose readDependencies loading dependencies from c:\Users\admin\OneDrive\Documents\HEIG-VD\3eme\TWEB\Exercices\package.json
55 silly cache add args [ 'chart-js', null ]
56 verbose cache add spec chart-js
57 silly cache add parsed spec Result {
57 silly cache add   raw: 'chart-js',
57 silly cache add   scope: null,
57 silly cache add   name: 'chart-js',
57 silly cache add   rawSpec: '',
57 silly cache add   spec: '*',
57 silly cache add   type: 'range' }
58 silly addNamed chart-js@*
59 verbose addNamed "*" is a valid semver range for chart-js
60 silly addNameRange { name: 'chart-js', range: '*', hasData: false }
61 silly mapToRegistry name chart-js
62 silly mapToRegistry using default registry
63 silly mapToRegistry registry https://registry.npmjs.org/
64 silly mapToRegistry uri https://registry.npmjs.org/chart-js
65 verbose addNameRange registry:https://registry.npmjs.org/chart-js not in flight; fetching
66 verbose request uri https://registry.npmjs.org/chart-js
67 verbose request no auth needed
68 info attempt registry request try #1 at 16:31:28
69 verbose request id ee001e07a6f7c67e
70 http request GET https://registry.npmjs.org/chart-js
71 http 404 https://registry.npmjs.org/chart-js
72 verbose headers { 'content-type': 'application/json',
72 verbose headers   'cache-control': 'max-age=0',
72 verbose headers   'content-length': '2',
72 verbose headers   'accept-ranges': 'bytes',
72 verbose headers   date: 'Thu, 12 Nov 2015 15:30:51 GMT',
72 verbose headers   via: '1.1 varnish',
72 verbose headers   age: '0',
72 verbose headers   connection: 'keep-alive',
72 verbose headers   'x-served-by': 'cache-fra1235-FRA',
72 verbose headers   'x-cache': 'MISS',
72 verbose headers   'x-cache-hits': '0',
72 verbose headers   'x-timer': 'S1447342251.808588,VS0,VE107' }
73 silly get cb [ 404,
73 silly get   { 'content-type': 'application/json',
73 silly get     'cache-control': 'max-age=0',
73 silly get     'content-length': '2',
73 silly get     'accept-ranges': 'bytes',
73 silly get     date: 'Thu, 12 Nov 2015 15:30:51 GMT',
73 silly get     via: '1.1 varnish',
73 silly get     age: '0',
73 silly get     connection: 'keep-alive',
73 silly get     'x-served-by': 'cache-fra1235-FRA',
73 silly get     'x-cache': 'MISS',
73 silly get     'x-cache-hits': '0',
73 silly get     'x-timer': 'S1447342251.808588,VS0,VE107' } ]
74 verbose stack Error: Registry returned 404 for GET on https://registry.npmjs.org/chart-js
74 verbose stack     at makeError (c:\Program Files\nodejs\node_modules\npm\node_modules\npm-registry-client\lib\request.js:263:12)
74 verbose stack     at CachingRegistryClient.<anonymous> (c:\Program Files\nodejs\node_modules\npm\node_modules\npm-registry-client\lib\request.js:241:14)
74 verbose stack     at Request._callback (c:\Program Files\nodejs\node_modules\npm\node_modules\npm-registry-client\lib\request.js:171:14)
74 verbose stack     at Request.self.callback (c:\Program Files\nodejs\node_modules\npm\node_modules\request\request.js:198:22)
74 verbose stack     at emitTwo (events.js:87:13)
74 verbose stack     at Request.emit (events.js:172:7)
74 verbose stack     at Request.<anonymous> (c:\Program Files\nodejs\node_modules\npm\node_modules\request\request.js:1073:14)
74 verbose stack     at emitOne (events.js:82:20)
74 verbose stack     at Request.emit (events.js:169:7)
74 verbose stack     at IncomingMessage.<anonymous> (c:\Program Files\nodejs\node_modules\npm\node_modules\request\request.js:1019:12)
75 verbose statusCode 404
76 verbose pkgid chart-js
77 verbose cwd c:\Users\admin\OneDrive\Documents\HEIG-VD\3eme\TWEB\Exercices
78 error Windows_NT 6.3.9600
79 error argv "c:\\Program Files\\nodejs\\node.exe" "c:\\Program Files\\nodejs\\node_modules\\npm\\bin\\npm-cli.js" "install" "chart-js" "--save"
80 error node v4.1.1
81 error npm  v2.14.4
82 error code E404
83 error 404 Registry returned 404 for GET on https://registry.npmjs.org/chart-js
83 error 404
83 error 404 'chart-js' is not in the npm registry.
83 error 404 You should bug the author to publish it (or use the name yourself!)
83 error 404 It was specified as a dependency of 'exercices'
83 error 404
83 error 404 Note that you can also install from a
83 error 404 tarball, folder, http url, or git url.
84 verbose exit [ 1, true ]
